eval setting:
Namespace(annotate=False, corpus_mask_value=0.0, debug_errors=False, error_num=100, eva_matrix='fa', eval_filtered=False, global_eval=False, global_pred=False, gpu=0, if_pred=True, load_arg='/auto/nlg-05/huan183/NewBioNer/checkpoints/EXP2/N21_0.9419_0.9106_0.9754_51.json', load_check_point='/auto/nlg-05/huan183/NewBioNer/checkpoints/EXP2/N21_0.9419_0.9106_0.9754_51.model', local_eval=False, pickle='', post=False, pred_file=['/auto/nlg-05/huan183/NewBioNer/corpus/eval/CELLFINDER-IOBES/test.tsv', '/auto/nlg-05/huan183/NewBioNer/corpus/eval/BioNLP13CG-IOBES/test.tsv', '/auto/nlg-05/huan183/NewBioNer/corpus/eval/CHEMPROT-IOBES/test.tsv'], pred_scope='local', show_collison=False, verbose=0)
train setting:
Negative Log Likelihood
corpus2crf {0: 0, 1: 0, 2: 0, 3: 0, 4: 0, 5: 0}
corpus_str2crf {'7 8 9 10 11 12 13 14 15 16 17 18 19 20 21 22 23 24 25 26 27 28 29 30 31 32 33 34': [0], '1 2 3 4 11 12 13 14 15 16 17 18 19 20 21 22 23 24 25 26 27 28 29 30 31 32 33 34': [0], '1 2 3 4 15 16 17 18 19 20 21 22 23 24 25 26 27 28 29 30 31 32 33 34': [0], '1 2 3 4 7 8 9 10 15 16 17 18 19 20 21 22 23 24 25 26 27 28 29 30 31 32 33 34': [0], '7 8 9 10 11 12 13 14 31 32 33 34': [0], '1 2 3 4 7 8 9 10 11 12 13 14 15 16 17 18 19 20 21 22 23 24 25 26 27 28 29 30': [0]}
crf2corpus {0: [0, 1, 2, 3, 4, 5]}
corpus_missing_tagspace [[7, 8, 9, 10, 11, 12, 13, 14, 15, 16, 17, 18, 19, 20, 21, 22, 23, 24, 25, 26, 27, 28, 29, 30, 31, 32, 33, 34], [1, 2, 3, 4, 11, 12, 13, 14, 15, 16, 17, 18, 19, 20, 21, 22, 23, 24, 25, 26, 27, 28, 29, 30, 31, 32, 33, 34], [1, 2, 3, 4, 15, 16, 17, 18, 19, 20, 21, 22, 23, 24, 25, 26, 27, 28, 29, 30, 31, 32, 33, 34], [1, 2, 3, 4, 7, 8, 9, 10, 15, 16, 17, 18, 19, 20, 21, 22, 23, 24, 25, 26, 27, 28, 29, 30, 31, 32, 33, 34], [7, 8, 9, 10, 11, 12, 13, 14, 31, 32, 33, 34], [1, 2, 3, 4, 7, 8, 9, 10, 11, 12, 13, 14, 15, 16, 17, 18, 19, 20, 21, 22, 23, 24, 25, 26, 27, 28, 29, 30]]
LM_LSTM_CRF(
  (char_embeds): Embedding(97, 30)
  (forw_char_lstm): LSTM(30, 200, dropout=0.5)
  (back_char_lstm): LSTM(30, 200, dropout=0.5)
  (word_embeds): Embedding(72450, 200)
  (word_lstm): LSTM(600, 150, dropout=0.5, bidirectional=True)
  (dropout): Dropout(p=0.5)
  (crflist): ModuleList(
    (0): CRF_L(
      (hidden2tag): Linear(in_features=300, out_features=1225, bias=True)
    )
  )
  (char_pre_train_out): Linear(in_features=200, out_features=97, bias=True)
  (word_pre_train_out): Linear(in_features=200, out_features=72450, bias=True)
)
tagset_size:  35

Objective Function: Negative Log Liklihood
 - Total it 45: 0it [00:00, ?it/s] - Total it 45: 32it [00:02, 15.87it/s] - Total it 45: 42it [00:04, 10.45it/s]                                       /auto/nlg-05/huan183/NewBioNer/corpus/eval/CELLFINDER-IOBES/test.tsv
Global: 
P: 0.4718 R: 0.3961 F1: 0.4307

['B-CELL_TYPE', 'I-CELL_TYPE', 'I-CELL_TYPE', 'E-CELL_TYPE', 'O', 'O', 'O', 'O', 'S-SPECIES', 'O', 'S-SPECIES', 'B-GP', 'E-GP', 'O']
 - Total it 40: 0it [00:00, ?it/s] - Total it 40: 36it [00:02, 17.52it/s]                                       /auto/nlg-05/huan183/NewBioNer/corpus/eval/BioNLP13CG-IOBES/test.tsv
Global: 
P: 0.6434 R: 0.4395 F1: 0.5222

['B-DISEASE', 'I-DISEASE', 'E-DISEASE', 'O', 'O', 'O', 'O', 'O', 'O', 'O', 'O', 'O', 'O', 'O', 'O', 'O', 'O']
 - Total it 18: 0it [00:00, ?it/s] - Total it 18: 7it [00:02,  2.99it/s] - Total it 18: 12it [00:04,  2.64it/s] - Total it 18: 16it [00:06,  2.44it/s]                                       /auto/nlg-05/huan183/NewBioNer/corpus/eval/CHEMPROT-IOBES/test.tsv
Global: 
P: 0.7643 R: 0.7411 F1: 0.7525

['S-CHEMICAL', 'O', 'S-CHEMICAL', 'O', 'O', 'O', 'O', 'S-GP', 'O', 'S-GP', 'O', 'O', 'O', 'O', 'O', 'O', 'O', 'O', 'O', 'O', 'O', 'O', 'O', 'O', 'O', 'O', 'O', 'O', 'S-CHEMICAL', 'B-GP', 'E-GP', 'O', 'O', 'O', 'B-GP', 'I-GP', 'E-GP', 'O', 'S-GP', 'O', 'O', 'O', 'O', 'O', 'O', 'O', 'O', 'O', 'O', 'O', 'O', 'O', 'O', 'O', 'O', 'O', 'O', 'O', 'O', 'S-GP', 'O', 'O', 'O', 'O', 'O', 'O', 'O', 'O', 'O', 'O', 'O', 'O', 'O', 'O', 'O', 'O', 'O', 'O', 'S-GP', 'O', 'S-GP', 'O', 'O', 'O', 'O', 'O', 'O', 'O', 'O', 'O', 'O', 'O', 'O', 'O', 'O', 'O', 'O', 'O', 'O', 'S-GP', 'O', 'O', 'O', 'B-GP', 'I-GP', 'E-GP', 'O', 'O', 'O', 'O', 'S-GP', 'O', 'B-GP', 'I-GP', 'E-GP', 'O', 'S-GP', 'O', 'O', 'O', 'O', 'O', 'O', 'O', 'O', 'O', 'O', 'S-CHEMICAL', 'O', 'O', 'O', 'O', 'O', 'O', 'O', 'O', 'O', 'O', 'O', 'S-GP', 'O', 'S-GP', 'O', 'S-GP', 'O', 'O', 'S-GP', 'O', 'O', 'O', 'S-CHEMICAL', 'O', 'O', 'O', 'S-GP', 'O', 'O', 'O', 'O', 'O', 'O', 'O', 'O', 'O', 'O', 'O', 'O', 'O', 'O', 'O', 'O', 'O', 'O', 'O', 'O', 'O', 'O', 'O', 'O', 'O', 'O', 'O', 'O', 'O', 'O', 'O', 'O', 'O', 'O', 'O', 'O', 'O', 'O', 'O', 'O', 'O', 'O', 'O', 'O', 'O', 'O', 'O', 'O', 'O', 'O', 'O', 'O', 'O', 'O', 'O', 'O', 'O', 'O', 'O', 'O', 'O', 'O', 'S-CHEMICAL', 'O', 'O', 'O', 'O', 'O', 'O', 'O', 'O', 'O', 'O', 'O', 'O', 'O', 'O', 'O', 'O', 'O', 'O', 'O', 'O', 'S-GP', 'O', 'O', 'O', 'O', 'O', 'O', 'O', 'O', 'O', 'O', 'O', 'O', 'O', 'S-CHEMICAL', 'O', 'O', 'O', 'O', 'O', 'O', 'O', 'O', 'O', 'O', 'O', 'O', 'O', 'O', 'O', 'O', 'S-GP', 'O', 'O']
